1670201986259|0|statement|connection 55|url jdbc:h2:mem:6fa84b49-5a34-4861-aa59-1fdad9a0985a|drop table if exists access_ip CASCADE |drop table if exists access_ip CASCADE 
1670201986259|0|statement|connection 55|url jdbc:h2:mem:6fa84b49-5a34-4861-aa59-1fdad9a0985a|drop table if exists agony CASCADE |drop table if exists agony CASCADE 
1670201986259|0|statement|connection 55|url jdbc:h2:mem:6fa84b49-5a34-4861-aa59-1fdad9a0985a|drop table if exists agony_record CASCADE |drop table if exists agony_record CASCADE 
1670201986259|0|statement|connection 55|url jdbc:h2:mem:6fa84b49-5a34-4861-aa59-1fdad9a0985a|drop table if exists book CASCADE |drop table if exists book CASCADE 
1670201986259|0|statement|connection 55|url jdbc:h2:mem:6fa84b49-5a34-4861-aa59-1fdad9a0985a|drop table if exists book_authors CASCADE |drop table if exists book_authors CASCADE 
1670201986259|0|statement|connection 55|url jdbc:h2:mem:6fa84b49-5a34-4861-aa59-1fdad9a0985a|drop table if exists book_report CASCADE |drop table if exists book_report CASCADE 
1670201986259|0|statement|connection 55|url jdbc:h2:mem:6fa84b49-5a34-4861-aa59-1fdad9a0985a|drop table if exists book_shelf CASCADE |drop table if exists book_shelf CASCADE 
1670201986259|0|statement|connection 55|url jdbc:h2:mem:6fa84b49-5a34-4861-aa59-1fdad9a0985a|drop table if exists chat_room CASCADE |drop table if exists chat_room CASCADE 
1670201986259|0|statement|connection 55|url jdbc:h2:mem:6fa84b49-5a34-4861-aa59-1fdad9a0985a|drop table if exists chat_room_host CASCADE |drop table if exists chat_room_host CASCADE 
1670201986259|0|statement|connection 55|url jdbc:h2:mem:6fa84b49-5a34-4861-aa59-1fdad9a0985a|drop table if exists refresh_token CASCADE |drop table if exists refresh_token CASCADE 
1670201986259|0|statement|connection 55|url jdbc:h2:mem:6fa84b49-5a34-4861-aa59-1fdad9a0985a|drop table if exists user CASCADE |drop table if exists user CASCADE 
1670201986259|0|statement|connection 55|url jdbc:h2:mem:6fa84b49-5a34-4861-aa59-1fdad9a0985a|drop table if exists user_reading_tastes CASCADE |drop table if exists user_reading_tastes CASCADE 
1670202308801|0|statement|connection 55|url jdbc:h2:mem:d448c4a4-e411-4c3a-95a0-7b65751b082b|drop table if exists access_ip CASCADE |drop table if exists access_ip CASCADE 
1670202308801|0|statement|connection 55|url jdbc:h2:mem:d448c4a4-e411-4c3a-95a0-7b65751b082b|drop table if exists agony CASCADE |drop table if exists agony CASCADE 
1670202308801|0|statement|connection 55|url jdbc:h2:mem:d448c4a4-e411-4c3a-95a0-7b65751b082b|drop table if exists agony_record CASCADE |drop table if exists agony_record CASCADE 
1670202308801|0|statement|connection 55|url jdbc:h2:mem:d448c4a4-e411-4c3a-95a0-7b65751b082b|drop table if exists book CASCADE |drop table if exists book CASCADE 
1670202308801|0|statement|connection 55|url jdbc:h2:mem:d448c4a4-e411-4c3a-95a0-7b65751b082b|drop table if exists book_authors CASCADE |drop table if exists book_authors CASCADE 
1670202308801|0|statement|connection 55|url jdbc:h2:mem:d448c4a4-e411-4c3a-95a0-7b65751b082b|drop table if exists book_report CASCADE |drop table if exists book_report CASCADE 
1670202308801|0|statement|connection 55|url jdbc:h2:mem:d448c4a4-e411-4c3a-95a0-7b65751b082b|drop table if exists book_shelf CASCADE |drop table if exists book_shelf CASCADE 
1670202308801|0|statement|connection 55|url jdbc:h2:mem:d448c4a4-e411-4c3a-95a0-7b65751b082b|drop table if exists chat_room CASCADE |drop table if exists chat_room CASCADE 
1670202308801|0|statement|connection 55|url jdbc:h2:mem:d448c4a4-e411-4c3a-95a0-7b65751b082b|drop table if exists chat_room_host CASCADE |drop table if exists chat_room_host CASCADE 
1670202308817|0|statement|connection 55|url jdbc:h2:mem:d448c4a4-e411-4c3a-95a0-7b65751b082b|drop table if exists refresh_token CASCADE |drop table if exists refresh_token CASCADE 
1670202308817|0|statement|connection 55|url jdbc:h2:mem:d448c4a4-e411-4c3a-95a0-7b65751b082b|drop table if exists user CASCADE |drop table if exists user CASCADE 
1670202308817|0|statement|connection 55|url jdbc:h2:mem:d448c4a4-e411-4c3a-95a0-7b65751b082b|drop table if exists user_reading_tastes CASCADE |drop table if exists user_reading_tastes CASCADE 
1670202769008|0|statement|connection 55|url jdbc:h2:mem:bf84f5b7-ba56-4b30-99fd-1ed0bf01383e|drop table if exists access_ip CASCADE |drop table if exists access_ip CASCADE 
1670202769008|0|statement|connection 55|url jdbc:h2:mem:bf84f5b7-ba56-4b30-99fd-1ed0bf01383e|drop table if exists agony CASCADE |drop table if exists agony CASCADE 
1670202769008|0|statement|connection 55|url jdbc:h2:mem:bf84f5b7-ba56-4b30-99fd-1ed0bf01383e|drop table if exists agony_record CASCADE |drop table if exists agony_record CASCADE 
1670202769008|0|statement|connection 55|url jdbc:h2:mem:bf84f5b7-ba56-4b30-99fd-1ed0bf01383e|drop table if exists book CASCADE |drop table if exists book CASCADE 
1670202769008|0|statement|connection 55|url jdbc:h2:mem:bf84f5b7-ba56-4b30-99fd-1ed0bf01383e|drop table if exists book_authors CASCADE |drop table if exists book_authors CASCADE 
1670202769008|0|statement|connection 55|url jdbc:h2:mem:bf84f5b7-ba56-4b30-99fd-1ed0bf01383e|drop table if exists book_report CASCADE |drop table if exists book_report CASCADE 
1670202769008|0|statement|connection 55|url jdbc:h2:mem:bf84f5b7-ba56-4b30-99fd-1ed0bf01383e|drop table if exists book_shelf CASCADE |drop table if exists book_shelf CASCADE 
1670202769008|0|statement|connection 55|url jdbc:h2:mem:bf84f5b7-ba56-4b30-99fd-1ed0bf01383e|drop table if exists chat_room CASCADE |drop table if exists chat_room CASCADE 
1670202769008|0|statement|connection 55|url jdbc:h2:mem:bf84f5b7-ba56-4b30-99fd-1ed0bf01383e|drop table if exists chat_room_host CASCADE |drop table if exists chat_room_host CASCADE 
1670202769008|0|statement|connection 55|url jdbc:h2:mem:bf84f5b7-ba56-4b30-99fd-1ed0bf01383e|drop table if exists refresh_token CASCADE |drop table if exists refresh_token CASCADE 
1670202769008|0|statement|connection 55|url jdbc:h2:mem:bf84f5b7-ba56-4b30-99fd-1ed0bf01383e|drop table if exists user CASCADE |drop table if exists user CASCADE 
1670202769008|0|statement|connection 55|url jdbc:h2:mem:bf84f5b7-ba56-4b30-99fd-1ed0bf01383e|drop table if exists user_reading_tastes CASCADE |drop table if exists user_reading_tastes CASCADE 
1670203003916|0|statement|connection 55|url jdbc:h2:mem:196b8011-5571-4794-95f3-316676041abf|drop table if exists access_ip CASCADE |drop table if exists access_ip CASCADE 
1670203003917|0|statement|connection 55|url jdbc:h2:mem:196b8011-5571-4794-95f3-316676041abf|drop table if exists agony CASCADE |drop table if exists agony CASCADE 
1670203003918|0|statement|connection 55|url jdbc:h2:mem:196b8011-5571-4794-95f3-316676041abf|drop table if exists agony_record CASCADE |drop table if exists agony_record CASCADE 
1670203003918|0|statement|connection 55|url jdbc:h2:mem:196b8011-5571-4794-95f3-316676041abf|drop table if exists book CASCADE |drop table if exists book CASCADE 
1670203003919|0|statement|connection 55|url jdbc:h2:mem:196b8011-5571-4794-95f3-316676041abf|drop table if exists book_authors CASCADE |drop table if exists book_authors CASCADE 
1670203003919|0|statement|connection 55|url jdbc:h2:mem:196b8011-5571-4794-95f3-316676041abf|drop table if exists book_report CASCADE |drop table if exists book_report CASCADE 
1670203003919|0|statement|connection 55|url jdbc:h2:mem:196b8011-5571-4794-95f3-316676041abf|drop table if exists book_shelf CASCADE |drop table if exists book_shelf CASCADE 
1670203003920|0|statement|connection 55|url jdbc:h2:mem:196b8011-5571-4794-95f3-316676041abf|drop table if exists chat_room CASCADE |drop table if exists chat_room CASCADE 
1670203003920|0|statement|connection 55|url jdbc:h2:mem:196b8011-5571-4794-95f3-316676041abf|drop table if exists chat_room_host CASCADE |drop table if exists chat_room_host CASCADE 
1670203003920|0|statement|connection 55|url jdbc:h2:mem:196b8011-5571-4794-95f3-316676041abf|drop table if exists refresh_token CASCADE |drop table if exists refresh_token CASCADE 
1670203003921|0|statement|connection 55|url jdbc:h2:mem:196b8011-5571-4794-95f3-316676041abf|drop table if exists user CASCADE |drop table if exists user CASCADE 
1670203003921|0|statement|connection 55|url jdbc:h2:mem:196b8011-5571-4794-95f3-316676041abf|drop table if exists user_reading_tastes CASCADE |drop table if exists user_reading_tastes CASCADE 
1670204157918|0|statement|connection 55|url jdbc:h2:mem:0b94ee8d-6cd6-4b0f-883e-c3a7881742aa|drop table if exists access_ip CASCADE |drop table if exists access_ip CASCADE 
1670204157920|0|statement|connection 55|url jdbc:h2:mem:0b94ee8d-6cd6-4b0f-883e-c3a7881742aa|drop table if exists agony CASCADE |drop table if exists agony CASCADE 
1670204157920|0|statement|connection 55|url jdbc:h2:mem:0b94ee8d-6cd6-4b0f-883e-c3a7881742aa|drop table if exists agony_record CASCADE |drop table if exists agony_record CASCADE 
1670204157921|0|statement|connection 55|url jdbc:h2:mem:0b94ee8d-6cd6-4b0f-883e-c3a7881742aa|drop table if exists book CASCADE |drop table if exists book CASCADE 
1670204157921|0|statement|connection 55|url jdbc:h2:mem:0b94ee8d-6cd6-4b0f-883e-c3a7881742aa|drop table if exists book_authors CASCADE |drop table if exists book_authors CASCADE 
1670204157921|0|statement|connection 55|url jdbc:h2:mem:0b94ee8d-6cd6-4b0f-883e-c3a7881742aa|drop table if exists book_report CASCADE |drop table if exists book_report CASCADE 
1670204157922|0|statement|connection 55|url jdbc:h2:mem:0b94ee8d-6cd6-4b0f-883e-c3a7881742aa|drop table if exists book_shelf CASCADE |drop table if exists book_shelf CASCADE 
1670204157922|0|statement|connection 55|url jdbc:h2:mem:0b94ee8d-6cd6-4b0f-883e-c3a7881742aa|drop table if exists chat_room CASCADE |drop table if exists chat_room CASCADE 
1670204157922|0|statement|connection 55|url jdbc:h2:mem:0b94ee8d-6cd6-4b0f-883e-c3a7881742aa|drop table if exists chat_room_host CASCADE |drop table if exists chat_room_host CASCADE 
1670204157923|0|statement|connection 55|url jdbc:h2:mem:0b94ee8d-6cd6-4b0f-883e-c3a7881742aa|drop table if exists refresh_token CASCADE |drop table if exists refresh_token CASCADE 
1670204157923|0|statement|connection 55|url jdbc:h2:mem:0b94ee8d-6cd6-4b0f-883e-c3a7881742aa|drop table if exists user CASCADE |drop table if exists user CASCADE 
1670204157923|0|statement|connection 55|url jdbc:h2:mem:0b94ee8d-6cd6-4b0f-883e-c3a7881742aa|drop table if exists user_reading_tastes CASCADE |drop table if exists user_reading_tastes CASCADE 
1670204299248|0|statement|connection 55|url jdbc:h2:mem:c810b97b-95cb-4d3d-bead-85ed2b1cb193|drop table if exists access_ip CASCADE |drop table if exists access_ip CASCADE 
1670204299249|0|statement|connection 55|url jdbc:h2:mem:c810b97b-95cb-4d3d-bead-85ed2b1cb193|drop table if exists agony CASCADE |drop table if exists agony CASCADE 
1670204299249|0|statement|connection 55|url jdbc:h2:mem:c810b97b-95cb-4d3d-bead-85ed2b1cb193|drop table if exists agony_record CASCADE |drop table if exists agony_record CASCADE 
1670204299250|0|statement|connection 55|url jdbc:h2:mem:c810b97b-95cb-4d3d-bead-85ed2b1cb193|drop table if exists book CASCADE |drop table if exists book CASCADE 
1670204299250|0|statement|connection 55|url jdbc:h2:mem:c810b97b-95cb-4d3d-bead-85ed2b1cb193|drop table if exists book_authors CASCADE |drop table if exists book_authors CASCADE 
1670204299250|0|statement|connection 55|url jdbc:h2:mem:c810b97b-95cb-4d3d-bead-85ed2b1cb193|drop table if exists book_report CASCADE |drop table if exists book_report CASCADE 
1670204299251|0|statement|connection 55|url jdbc:h2:mem:c810b97b-95cb-4d3d-bead-85ed2b1cb193|drop table if exists book_shelf CASCADE |drop table if exists book_shelf CASCADE 
1670204299251|0|statement|connection 55|url jdbc:h2:mem:c810b97b-95cb-4d3d-bead-85ed2b1cb193|drop table if exists chat_room CASCADE |drop table if exists chat_room CASCADE 
1670204299251|0|statement|connection 55|url jdbc:h2:mem:c810b97b-95cb-4d3d-bead-85ed2b1cb193|drop table if exists chat_room_host CASCADE |drop table if exists chat_room_host CASCADE 
1670204299252|0|statement|connection 55|url jdbc:h2:mem:c810b97b-95cb-4d3d-bead-85ed2b1cb193|drop table if exists refresh_token CASCADE |drop table if exists refresh_token CASCADE 
1670204299252|0|statement|connection 55|url jdbc:h2:mem:c810b97b-95cb-4d3d-bead-85ed2b1cb193|drop table if exists user CASCADE |drop table if exists user CASCADE 
1670204299252|0|statement|connection 55|url jdbc:h2:mem:c810b97b-95cb-4d3d-bead-85ed2b1cb193|drop table if exists user_reading_tastes CASCADE |drop table if exists user_reading_tastes CASCADE 
1670204481119|0|statement|connection 55|url jdbc:h2:mem:422c494b-9771-47e3-9c6d-2bd9ec70ccdc|drop table if exists access_ip CASCADE |drop table if exists access_ip CASCADE 
1670204481120|0|statement|connection 55|url jdbc:h2:mem:422c494b-9771-47e3-9c6d-2bd9ec70ccdc|drop table if exists agony CASCADE |drop table if exists agony CASCADE 
1670204481121|0|statement|connection 55|url jdbc:h2:mem:422c494b-9771-47e3-9c6d-2bd9ec70ccdc|drop table if exists agony_record CASCADE |drop table if exists agony_record CASCADE 
1670204481121|0|statement|connection 55|url jdbc:h2:mem:422c494b-9771-47e3-9c6d-2bd9ec70ccdc|drop table if exists book CASCADE |drop table if exists book CASCADE 
1670204481121|0|statement|connection 55|url jdbc:h2:mem:422c494b-9771-47e3-9c6d-2bd9ec70ccdc|drop table if exists book_authors CASCADE |drop table if exists book_authors CASCADE 
1670204481122|0|statement|connection 55|url jdbc:h2:mem:422c494b-9771-47e3-9c6d-2bd9ec70ccdc|drop table if exists book_report CASCADE |drop table if exists book_report CASCADE 
1670204481122|0|statement|connection 55|url jdbc:h2:mem:422c494b-9771-47e3-9c6d-2bd9ec70ccdc|drop table if exists book_shelf CASCADE |drop table if exists book_shelf CASCADE 
1670204481122|0|statement|connection 55|url jdbc:h2:mem:422c494b-9771-47e3-9c6d-2bd9ec70ccdc|drop table if exists chat_room CASCADE |drop table if exists chat_room CASCADE 
1670204481123|0|statement|connection 55|url jdbc:h2:mem:422c494b-9771-47e3-9c6d-2bd9ec70ccdc|drop table if exists chat_room_host CASCADE |drop table if exists chat_room_host CASCADE 
1670204481123|0|statement|connection 55|url jdbc:h2:mem:422c494b-9771-47e3-9c6d-2bd9ec70ccdc|drop table if exists refresh_token CASCADE |drop table if exists refresh_token CASCADE 
1670204481123|0|statement|connection 55|url jdbc:h2:mem:422c494b-9771-47e3-9c6d-2bd9ec70ccdc|drop table if exists user CASCADE |drop table if exists user CASCADE 
1670204481123|0|statement|connection 55|url jdbc:h2:mem:422c494b-9771-47e3-9c6d-2bd9ec70ccdc|drop table if exists user_reading_tastes CASCADE |drop table if exists user_reading_tastes CASCADE 
1670204631304|1|statement|connection 55|url jdbc:h2:mem:cc5ef593-8ec0-4b0f-96fe-c0b38a475e90|drop table if exists access_ip CASCADE |drop table if exists access_ip CASCADE 
1670204631305|0|statement|connection 55|url jdbc:h2:mem:cc5ef593-8ec0-4b0f-96fe-c0b38a475e90|drop table if exists agony CASCADE |drop table if exists agony CASCADE 
1670204631305|0|statement|connection 55|url jdbc:h2:mem:cc5ef593-8ec0-4b0f-96fe-c0b38a475e90|drop table if exists agony_record CASCADE |drop table if exists agony_record CASCADE 
1670204631306|0|statement|connection 55|url jdbc:h2:mem:cc5ef593-8ec0-4b0f-96fe-c0b38a475e90|drop table if exists book CASCADE |drop table if exists book CASCADE 
1670204631306|0|statement|connection 55|url jdbc:h2:mem:cc5ef593-8ec0-4b0f-96fe-c0b38a475e90|drop table if exists book_authors CASCADE |drop table if exists book_authors CASCADE 
1670204631306|0|statement|connection 55|url jdbc:h2:mem:cc5ef593-8ec0-4b0f-96fe-c0b38a475e90|drop table if exists book_report CASCADE |drop table if exists book_report CASCADE 
1670204631307|0|statement|connection 55|url jdbc:h2:mem:cc5ef593-8ec0-4b0f-96fe-c0b38a475e90|drop table if exists book_shelf CASCADE |drop table if exists book_shelf CASCADE 
1670204631307|0|statement|connection 55|url jdbc:h2:mem:cc5ef593-8ec0-4b0f-96fe-c0b38a475e90|drop table if exists chat_room CASCADE |drop table if exists chat_room CASCADE 
1670204631307|0|statement|connection 55|url jdbc:h2:mem:cc5ef593-8ec0-4b0f-96fe-c0b38a475e90|drop table if exists chat_room_host CASCADE |drop table if exists chat_room_host CASCADE 
1670204631308|0|statement|connection 55|url jdbc:h2:mem:cc5ef593-8ec0-4b0f-96fe-c0b38a475e90|drop table if exists refresh_token CASCADE |drop table if exists refresh_token CASCADE 
1670204631308|0|statement|connection 55|url jdbc:h2:mem:cc5ef593-8ec0-4b0f-96fe-c0b38a475e90|drop table if exists user CASCADE |drop table if exists user CASCADE 
1670204631308|0|statement|connection 55|url jdbc:h2:mem:cc5ef593-8ec0-4b0f-96fe-c0b38a475e90|drop table if exists user_reading_tastes CASCADE |drop table if exists user_reading_tastes CASCADE 
1670206480103|0|statement|connection 55|url jdbc:h2:mem:25e70b5c-4a65-4dc2-98a7-b1072a6d6415|drop table if exists access_ip CASCADE |drop table if exists access_ip CASCADE 
1670206480104|0|statement|connection 55|url jdbc:h2:mem:25e70b5c-4a65-4dc2-98a7-b1072a6d6415|drop table if exists agony CASCADE |drop table if exists agony CASCADE 
1670206480105|0|statement|connection 55|url jdbc:h2:mem:25e70b5c-4a65-4dc2-98a7-b1072a6d6415|drop table if exists agony_record CASCADE |drop table if exists agony_record CASCADE 
1670206480105|0|statement|connection 55|url jdbc:h2:mem:25e70b5c-4a65-4dc2-98a7-b1072a6d6415|drop table if exists book CASCADE |drop table if exists book CASCADE 
1670206480106|0|statement|connection 55|url jdbc:h2:mem:25e70b5c-4a65-4dc2-98a7-b1072a6d6415|drop table if exists book_authors CASCADE |drop table if exists book_authors CASCADE 
1670206480106|0|statement|connection 55|url jdbc:h2:mem:25e70b5c-4a65-4dc2-98a7-b1072a6d6415|drop table if exists book_report CASCADE |drop table if exists book_report CASCADE 
1670206480106|0|statement|connection 55|url jdbc:h2:mem:25e70b5c-4a65-4dc2-98a7-b1072a6d6415|drop table if exists book_shelf CASCADE |drop table if exists book_shelf CASCADE 
1670206480107|0|statement|connection 55|url jdbc:h2:mem:25e70b5c-4a65-4dc2-98a7-b1072a6d6415|drop table if exists chat_room CASCADE |drop table if exists chat_room CASCADE 
1670206480107|0|statement|connection 55|url jdbc:h2:mem:25e70b5c-4a65-4dc2-98a7-b1072a6d6415|drop table if exists chat_room_host CASCADE |drop table if exists chat_room_host CASCADE 
1670206480107|0|statement|connection 55|url jdbc:h2:mem:25e70b5c-4a65-4dc2-98a7-b1072a6d6415|drop table if exists refresh_token CASCADE |drop table if exists refresh_token CASCADE 
1670206480108|0|statement|connection 55|url jdbc:h2:mem:25e70b5c-4a65-4dc2-98a7-b1072a6d6415|drop table if exists user CASCADE |drop table if exists user CASCADE 
1670206480108|0|statement|connection 55|url jdbc:h2:mem:25e70b5c-4a65-4dc2-98a7-b1072a6d6415|drop table if exists user_reading_tastes CASCADE |drop table if exists user_reading_tastes CASCADE 
